{"C:\\Users\\Gabriel\\Desktop\\Web II C2 Blog de Noticias\\api-prisma-express\\src\\app.ts": {"path":"C:\\Users\\Gabriel\\Desktop\\Web II C2 Blog de Noticias\\api-prisma-express\\src\\app.ts","statementMap":{"0":{"start":{"line":11,"column":6},"end":{"line":11,"column":null}},"1":{"start":{"line":14,"column":0},"end":{"line":14,"column":null}},"2":{"start":{"line":17,"column":23},"end":{"line":39,"column":null}},"3":{"start":{"line":41,"column":6},"end":{"line":41,"column":null}},"4":{"start":{"line":44,"column":0},"end":{"line":44,"column":null}},"5":{"start":{"line":47,"column":0},"end":{"line":47,"column":null}},"6":{"start":{"line":48,"column":0},"end":{"line":48,"column":null}},"7":{"start":{"line":49,"column":0},"end":{"line":49,"column":null}},"8":{"start":{"line":50,"column":0},"end":{"line":50,"column":null}},"9":{"start":{"line":51,"column":0},"end":{"line":51,"column":null}}},"fnMap":{},"branchMap":{},"s":{"0":5,"1":5,"2":5,"3":5,"4":5,"5":5,"6":5,"7":5,"8":5,"9":5},"f":{},"b":{},"meta":{"lastBranch":0,"lastFunction":0,"lastStatement":10,"seen":{"s:11:6:11:Infinity":0,"s:14:0:14:Infinity":1,"s:17:23:39:Infinity":2,"s:41:6:41:Infinity":3,"s:44:0:44:Infinity":4,"s:47:0:47:Infinity":5,"s:48:0:48:Infinity":6,"s:49:0:49:Infinity":7,"s:50:0:50:Infinity":8,"s:51:0:51:Infinity":9}}}
,"C:\\Users\\Gabriel\\Desktop\\Web II C2 Blog de Noticias\\api-prisma-express\\src\\lib\\auth.ts": {"path":"C:\\Users\\Gabriel\\Desktop\\Web II C2 Blog de Noticias\\api-prisma-express\\src\\lib\\auth.ts","statementMap":{"0":{"start":{"line":5,"column":15},"end":{"line":5,"column":null}},"1":{"start":{"line":6,"column":23},"end":{"line":6,"column":null}},"2":{"start":{"line":9,"column":2},"end":{"line":9,"column":null}},"3":{"start":{"line":13,"column":2},"end":{"line":13,"column":null}},"4":{"start":{"line":18,"column":2},"end":{"line":18,"column":null}},"5":{"start":{"line":22,"column":2},"end":{"line":22,"column":null}},"6":{"start":{"line":27,"column":2},"end":{"line":27,"column":null}},"7":{"start":{"line":31,"column":2},"end":{"line":31,"column":null}}},"fnMap":{"0":{"name":"hashPassword","decl":{"start":{"line":8,"column":22},"end":{"line":8,"column":35}},"loc":{"start":{"line":8,"column":70},"end":{"line":10,"column":null}},"line":8},"1":{"name":"verifyPassword","decl":{"start":{"line":12,"column":22},"end":{"line":12,"column":37}},"loc":{"start":{"line":12,"column":87},"end":{"line":14,"column":null}},"line":12},"2":{"name":"signToken","decl":{"start":{"line":17,"column":16},"end":{"line":17,"column":26}},"loc":{"start":{"line":17,"column":51},"end":{"line":19,"column":null}},"line":17},"3":{"name":"verifyToken","decl":{"start":{"line":21,"column":16},"end":{"line":21,"column":28}},"loc":{"start":{"line":21,"column":43},"end":{"line":23,"column":null}},"line":21},"4":{"name":"signRefreshToken","decl":{"start":{"line":26,"column":16},"end":{"line":26,"column":33}},"loc":{"start":{"line":26,"column":58},"end":{"line":28,"column":null}},"line":26},"5":{"name":"verifyRefreshToken","decl":{"start":{"line":30,"column":16},"end":{"line":30,"column":35}},"loc":{"start":{"line":30,"column":50},"end":{"line":32,"column":null}},"line":30}},"branchMap":{"0":{"loc":{"start":{"line":5,"column":15},"end":{"line":5,"column":null}},"type":"binary-expr","locations":[{"start":{"line":5,"column":15},"end":{"line":5,"column":41}},{"start":{"line":5,"column":41},"end":{"line":5,"column":null}}],"line":5},"1":{"loc":{"start":{"line":6,"column":23},"end":{"line":6,"column":null}},"type":"binary-expr","locations":[{"start":{"line":6,"column":23},"end":{"line":6,"column":57}},{"start":{"line":6,"column":57},"end":{"line":6,"column":null}}],"line":6}},"s":{"0":6,"1":6,"2":11,"3":6,"4":12,"5":18,"6":3,"7":1},"f":{"0":11,"1":6,"2":12,"3":18,"4":3,"5":1},"b":{"0":[6,0],"1":[6,0]},"meta":{"lastBranch":2,"lastFunction":6,"lastStatement":8,"seen":{"s:5:15:5:Infinity":0,"b:5:15:5:41:5:41:5:Infinity":0,"s:6:23:6:Infinity":1,"b:6:23:6:57:6:57:6:Infinity":1,"f:8:22:8:35":0,"s:9:2:9:Infinity":2,"f:12:22:12:37":1,"s:13:2:13:Infinity":3,"f:17:16:17:26":2,"s:18:2:18:Infinity":4,"f:21:16:21:28":3,"s:22:2:22:Infinity":5,"f:26:16:26:33":4,"s:27:2:27:Infinity":6,"f:30:16:30:35":5,"s:31:2:31:Infinity":7}}}
,"C:\\Users\\Gabriel\\Desktop\\Web II C2 Blog de Noticias\\api-prisma-express\\src\\lib\\prisma.ts": {"path":"C:\\Users\\Gabriel\\Desktop\\Web II C2 Blog de Noticias\\api-prisma-express\\src\\lib\\prisma.ts","statementMap":{"0":{"start":{"line":5,"column":16},"end":{"line":7,"column":null}},"1":{"start":{"line":9,"column":15},"end":{"line":9,"column":null}}},"fnMap":{},"branchMap":{"0":{"loc":{"start":{"line":6,"column":7},"end":{"line":6,"column":null}},"type":"binary-expr","locations":[{"start":{"line":6,"column":7},"end":{"line":6,"column":35}},{"start":{"line":6,"column":35},"end":{"line":6,"column":null}}],"line":6}},"s":{"0":7,"1":7},"f":{},"b":{"0":[7,0]},"meta":{"lastBranch":1,"lastFunction":0,"lastStatement":2,"seen":{"s:5:16:7:Infinity":0,"b:6:7:6:35:6:35:6:Infinity":0,"s:9:15:9:Infinity":1}}}
,"C:\\Users\\Gabriel\\Desktop\\Web II C2 Blog de Noticias\\api-prisma-express\\src\\middlewares\\authenticate.ts": {"path":"C:\\Users\\Gabriel\\Desktop\\Web II C2 Blog de Noticias\\api-prisma-express\\src\\middlewares\\authenticate.ts","statementMap":{"0":{"start":{"line":15,"column":21},"end":{"line":15,"column":null}},"1":{"start":{"line":17,"column":2},"end":{"line":19,"column":null}},"2":{"start":{"line":18,"column":4},"end":{"line":18,"column":null}},"3":{"start":{"line":21,"column":16},"end":{"line":21,"column":null}},"4":{"start":{"line":23,"column":2},"end":{"line":31,"column":null}},"5":{"start":{"line":25,"column":10},"end":{"line":25,"column":null}},"6":{"start":{"line":26,"column":4},"end":{"line":26,"column":null}},"7":{"start":{"line":28,"column":4},"end":{"line":28,"column":null}},"8":{"start":{"line":30,"column":4},"end":{"line":30,"column":null}}},"fnMap":{"0":{"name":"authenticate","decl":{"start":{"line":13,"column":16},"end":{"line":13,"column":29}},"loc":{"start":{"line":13,"column":78},"end":{"line":32,"column":null}},"line":13}},"branchMap":{"0":{"loc":{"start":{"line":17,"column":2},"end":{"line":19,"column":null}},"type":"if","locations":[{"start":{"line":17,"column":2},"end":{"line":19,"column":null}},{"start":{},"end":{}}],"line":17},"1":{"loc":{"start":{"line":17,"column":6},"end":{"line":17,"column":56}},"type":"binary-expr","locations":[{"start":{"line":17,"column":6},"end":{"line":17,"column":21}},{"start":{"line":17,"column":21},"end":{"line":17,"column":56}}],"line":17}},"s":{"0":18,"1":18,"2":1,"3":17,"4":17,"5":17,"6":17,"7":17,"8":0},"f":{"0":18},"b":{"0":[1,17],"1":[18,17]},"meta":{"lastBranch":2,"lastFunction":1,"lastStatement":9,"seen":{"f:13:16:13:29":0,"s:15:21:15:Infinity":0,"b:17:2:19:Infinity:undefined:undefined:undefined:undefined":0,"s:17:2:19:Infinity":1,"b:17:6:17:21:17:21:17:56":1,"s:18:4:18:Infinity":2,"s:21:16:21:Infinity":3,"s:23:2:31:Infinity":4,"s:25:10:25:Infinity":5,"s:26:4:26:Infinity":6,"s:28:4:28:Infinity":7,"s:30:4:30:Infinity":8}}}
,"C:\\Users\\Gabriel\\Desktop\\Web II C2 Blog de Noticias\\api-prisma-express\\src\\middlewares\\authorize.ts": {"path":"C:\\Users\\Gabriel\\Desktop\\Web II C2 Blog de Noticias\\api-prisma-express\\src\\middlewares\\authorize.ts","statementMap":{"0":{"start":{"line":5,"column":2},"end":{"line":18,"column":null}},"1":{"start":{"line":7,"column":4},"end":{"line":9,"column":null}},"2":{"start":{"line":8,"column":6},"end":{"line":8,"column":null}},"3":{"start":{"line":12,"column":4},"end":{"line":14,"column":null}},"4":{"start":{"line":13,"column":6},"end":{"line":13,"column":null}},"5":{"start":{"line":17,"column":4},"end":{"line":17,"column":null}}},"fnMap":{"0":{"name":"authorize","decl":{"start":{"line":4,"column":16},"end":{"line":4,"column":26}},"loc":{"start":{"line":4,"column":48},"end":{"line":19,"column":null}},"line":4},"1":{"name":"(anonymous_1)","decl":{"start":{"line":5,"column":2},"end":{"line":5,"column":10}},"loc":{"start":{"line":5,"column":62},"end":{"line":18,"column":null}},"line":5}},"branchMap":{"0":{"loc":{"start":{"line":7,"column":4},"end":{"line":9,"column":null}},"type":"if","locations":[{"start":{"line":7,"column":4},"end":{"line":9,"column":null}},{"start":{},"end":{}}],"line":7},"1":{"loc":{"start":{"line":12,"column":4},"end":{"line":14,"column":null}},"type":"if","locations":[{"start":{"line":12,"column":4},"end":{"line":14,"column":null}},{"start":{},"end":{}}],"line":12}},"s":{"0":30,"1":8,"2":0,"3":8,"4":2,"5":6},"f":{"0":30,"1":8},"b":{"0":[0,8],"1":[2,6]},"meta":{"lastBranch":2,"lastFunction":2,"lastStatement":6,"seen":{"f:4:16:4:26":0,"s:5:2:18:Infinity":0,"f:5:2:5:10":1,"b:7:4:9:Infinity:undefined:undefined:undefined:undefined":0,"s:7:4:9:Infinity":1,"s:8:6:8:Infinity":2,"b:12:4:14:Infinity:undefined:undefined:undefined:undefined":1,"s:12:4:14:Infinity":3,"s:13:6:13:Infinity":4,"s:17:4:17:Infinity":5}}}
,"C:\\Users\\Gabriel\\Desktop\\Web II C2 Blog de Noticias\\api-prisma-express\\src\\routes\\auth.ts": {"path":"C:\\Users\\Gabriel\\Desktop\\Web II C2 Blog de Noticias\\api-prisma-express\\src\\routes\\auth.ts","statementMap":{"0":{"start":{"line":7,"column":6},"end":{"line":7,"column":null}},"1":{"start":{"line":44,"column":0},"end":{"line":61,"column":null}},"2":{"start":{"line":45,"column":2},"end":{"line":60,"column":null}},"3":{"start":{"line":46,"column":21},"end":{"line":46,"column":null}},"4":{"start":{"line":47,"column":25},"end":{"line":47,"column":null}},"5":{"start":{"line":49,"column":4},"end":{"line":49,"column":null}},"6":{"start":{"line":49,"column":22},"end":{"line":49,"column":null}},"7":{"start":{"line":51,"column":27},"end":{"line":51,"column":null}},"8":{"start":{"line":52,"column":17},"end":{"line":55,"column":null}},"9":{"start":{"line":57,"column":4},"end":{"line":57,"column":null}},"10":{"start":{"line":59,"column":4},"end":{"line":59,"column":null}},"11":{"start":{"line":91,"column":0},"end":{"line":112,"column":null}},"12":{"start":{"line":92,"column":2},"end":{"line":111,"column":null}},"13":{"start":{"line":93,"column":21},"end":{"line":93,"column":null}},"14":{"start":{"line":94,"column":17},"end":{"line":94,"column":null}},"15":{"start":{"line":96,"column":4},"end":{"line":98,"column":null}},"16":{"start":{"line":97,"column":6},"end":{"line":97,"column":null}},"17":{"start":{"line":100,"column":10},"end":{"line":100,"column":null}},"18":{"start":{"line":101,"column":10},"end":{"line":101,"column":null}},"19":{"start":{"line":103,"column":4},"end":{"line":106,"column":null}},"20":{"start":{"line":108,"column":4},"end":{"line":108,"column":null}},"21":{"start":{"line":110,"column":4},"end":{"line":110,"column":null}},"22":{"start":{"line":138,"column":0},"end":{"line":153,"column":null}},"23":{"start":{"line":139,"column":2},"end":{"line":152,"column":null}},"24":{"start":{"line":140,"column":21},"end":{"line":140,"column":null}},"25":{"start":{"line":141,"column":10},"end":{"line":141,"column":null}},"26":{"start":{"line":143,"column":17},"end":{"line":143,"column":null}},"27":{"start":{"line":144,"column":4},"end":{"line":146,"column":null}},"28":{"start":{"line":145,"column":6},"end":{"line":145,"column":null}},"29":{"start":{"line":148,"column":10},"end":{"line":148,"column":null}},"30":{"start":{"line":149,"column":4},"end":{"line":149,"column":null}},"31":{"start":{"line":151,"column":4},"end":{"line":151,"column":null}},"32":{"start":{"line":169,"column":0},"end":{"line":179,"column":null}},"33":{"start":{"line":170,"column":2},"end":{"line":178,"column":null}},"34":{"start":{"line":171,"column":17},"end":{"line":174,"column":null}},"35":{"start":{"line":175,"column":4},"end":{"line":175,"column":null}},"36":{"start":{"line":177,"column":4},"end":{"line":177,"column":null}}},"fnMap":{"0":{"name":"(anonymous_0)","decl":{"start":{"line":44,"column":25},"end":{"line":44,"column":32}},"loc":{"start":{"line":44,"column":64},"end":{"line":61,"column":1}},"line":44},"1":{"name":"(anonymous_1)","decl":{"start":{"line":91,"column":22},"end":{"line":91,"column":29}},"loc":{"start":{"line":91,"column":61},"end":{"line":112,"column":1}},"line":91},"2":{"name":"(anonymous_2)","decl":{"start":{"line":138,"column":24},"end":{"line":138,"column":31}},"loc":{"start":{"line":138,"column":63},"end":{"line":153,"column":1}},"line":138},"3":{"name":"(anonymous_3)","decl":{"start":{"line":169,"column":32},"end":{"line":169,"column":39}},"loc":{"start":{"line":169,"column":71},"end":{"line":179,"column":1}},"line":169}},"branchMap":{"0":{"loc":{"start":{"line":49,"column":4},"end":{"line":49,"column":null}},"type":"if","locations":[{"start":{"line":49,"column":4},"end":{"line":49,"column":null}},{"start":{},"end":{}}],"line":49},"1":{"loc":{"start":{"line":53,"column":82},"end":{"line":53,"column":102}},"type":"binary-expr","locations":[{"start":{"line":53,"column":82},"end":{"line":53,"column":95}},{"start":{"line":53,"column":95},"end":{"line":53,"column":102}}],"line":53},"2":{"loc":{"start":{"line":59,"column":34},"end":{"line":59,"column":96}},"type":"binary-expr","locations":[{"start":{"line":59,"column":34},"end":{"line":59,"column":50}},{"start":{"line":59,"column":50},"end":{"line":59,"column":67}},{"start":{"line":59,"column":67},"end":{"line":59,"column":96}}],"line":59},"3":{"loc":{"start":{"line":96,"column":4},"end":{"line":98,"column":null}},"type":"if","locations":[{"start":{"line":96,"column":4},"end":{"line":98,"column":null}},{"start":{},"end":{}}],"line":96},"4":{"loc":{"start":{"line":96,"column":8},"end":{"line":96,"column":72}},"type":"binary-expr","locations":[{"start":{"line":96,"column":8},"end":{"line":96,"column":17}},{"start":{"line":96,"column":17},"end":{"line":96,"column":72}}],"line":96},"5":{"loc":{"start":{"line":110,"column":34},"end":{"line":110,"column":73}},"type":"binary-expr","locations":[{"start":{"line":110,"column":34},"end":{"line":110,"column":50}},{"start":{"line":110,"column":50},"end":{"line":110,"column":73}}],"line":110},"6":{"loc":{"start":{"line":144,"column":4},"end":{"line":146,"column":null}},"type":"if","locations":[{"start":{"line":144,"column":4},"end":{"line":146,"column":null}},{"start":{},"end":{}}],"line":144},"7":{"loc":{"start":{"line":144,"column":8},"end":{"line":144,"column":58}},"type":"binary-expr","locations":[{"start":{"line":144,"column":8},"end":{"line":144,"column":17}},{"start":{"line":144,"column":17},"end":{"line":144,"column":58}}],"line":144}},"s":{"0":5,"1":5,"2":5,"3":5,"4":5,"5":4,"6":4,"7":3,"8":3,"9":3,"10":1,"11":5,"12":4,"13":4,"14":4,"15":4,"16":1,"17":3,"18":3,"19":3,"20":3,"21":0,"22":5,"23":1,"24":1,"25":1,"26":1,"27":1,"28":0,"29":1,"30":1,"31":0,"32":5,"33":0,"34":0,"35":0,"36":0},"f":{"0":5,"1":4,"2":1,"3":0},"b":{"0":[1,3],"1":[3,0],"2":[1,1,0],"3":[1,3],"4":[4,4],"5":[0,0],"6":[0,1],"7":[1,1]},"meta":{"lastBranch":8,"lastFunction":4,"lastStatement":37,"seen":{"s:7:6:7:Infinity":0,"s:44:0:61:Infinity":1,"f:44:25:44:32":0,"s:45:2:60:Infinity":2,"s:46:21:46:Infinity":3,"s:47:25:47:Infinity":4,"b:49:4:49:Infinity:undefined:undefined:undefined:undefined":0,"s:49:4:49:Infinity":5,"s:49:22:49:Infinity":6,"s:51:27:51:Infinity":7,"s:52:17:55:Infinity":8,"b:53:82:53:95:53:95:53:102":1,"s:57:4:57:Infinity":9,"s:59:4:59:Infinity":10,"b:59:34:59:50:59:50:59:67:59:67:59:96":2,"s:91:0:112:Infinity":11,"f:91:22:91:29":1,"s:92:2:111:Infinity":12,"s:93:21:93:Infinity":13,"s:94:17:94:Infinity":14,"b:96:4:98:Infinity:undefined:undefined:undefined:undefined":3,"s:96:4:98:Infinity":15,"b:96:8:96:17:96:17:96:72":4,"s:97:6:97:Infinity":16,"s:100:10:100:Infinity":17,"s:101:10:101:Infinity":18,"s:103:4:106:Infinity":19,"s:108:4:108:Infinity":20,"s:110:4:110:Infinity":21,"b:110:34:110:50:110:50:110:73":5,"s:138:0:153:Infinity":22,"f:138:24:138:31":2,"s:139:2:152:Infinity":23,"s:140:21:140:Infinity":24,"s:141:10:141:Infinity":25,"s:143:17:143:Infinity":26,"b:144:4:146:Infinity:undefined:undefined:undefined:undefined":6,"s:144:4:146:Infinity":27,"b:144:8:144:17:144:17:144:58":7,"s:145:6:145:Infinity":28,"s:148:10:148:Infinity":29,"s:149:4:149:Infinity":30,"s:151:4:151:Infinity":31,"s:169:0:179:Infinity":32,"f:169:32:169:39":3,"s:170:2:178:Infinity":33,"s:171:17:174:Infinity":34,"s:175:4:175:Infinity":35,"s:177:4:177:Infinity":36}}}
,"C:\\Users\\Gabriel\\Desktop\\Web II C2 Blog de Noticias\\api-prisma-express\\src\\routes\\categories.ts": {"path":"C:\\Users\\Gabriel\\Desktop\\Web II C2 Blog de Noticias\\api-prisma-express\\src\\routes\\categories.ts","statementMap":{"0":{"start":{"line":7,"column":6},"end":{"line":7,"column":null}},"1":{"start":{"line":19,"column":0},"end":{"line":32,"column":null}},"2":{"start":{"line":20,"column":2},"end":{"line":31,"column":null}},"3":{"start":{"line":21,"column":23},"end":{"line":27,"column":null}},"4":{"start":{"line":28,"column":4},"end":{"line":28,"column":null}},"5":{"start":{"line":30,"column":4},"end":{"line":30,"column":null}},"6":{"start":{"line":53,"column":0},"end":{"line":68,"column":null}},"7":{"start":{"line":54,"column":2},"end":{"line":67,"column":null}},"8":{"start":{"line":55,"column":21},"end":{"line":58,"column":null}},"9":{"start":{"line":60,"column":4},"end":{"line":62,"column":null}},"10":{"start":{"line":61,"column":6},"end":{"line":61,"column":null}},"11":{"start":{"line":64,"column":4},"end":{"line":64,"column":null}},"12":{"start":{"line":66,"column":4},"end":{"line":66,"column":null}},"13":{"start":{"line":98,"column":0},"end":{"line":117,"column":null}},"14":{"start":{"line":99,"column":2},"end":{"line":116,"column":null}},"15":{"start":{"line":100,"column":21},"end":{"line":100,"column":null}},"16":{"start":{"line":101,"column":29},"end":{"line":103,"column":null}},"17":{"start":{"line":105,"column":4},"end":{"line":107,"column":null}},"18":{"start":{"line":106,"column":6},"end":{"line":106,"column":null}},"19":{"start":{"line":109,"column":21},"end":{"line":111,"column":null}},"20":{"start":{"line":113,"column":4},"end":{"line":113,"column":null}},"21":{"start":{"line":115,"column":4},"end":{"line":115,"column":null}},"22":{"start":{"line":151,"column":0},"end":{"line":167,"column":null}},"23":{"start":{"line":152,"column":2},"end":{"line":166,"column":null}},"24":{"start":{"line":153,"column":21},"end":{"line":153,"column":null}},"25":{"start":{"line":155,"column":21},"end":{"line":158,"column":null}},"26":{"start":{"line":160,"column":4},"end":{"line":160,"column":null}},"27":{"start":{"line":162,"column":4},"end":{"line":164,"column":null}},"28":{"start":{"line":163,"column":6},"end":{"line":163,"column":null}},"29":{"start":{"line":165,"column":4},"end":{"line":165,"column":null}},"30":{"start":{"line":189,"column":0},"end":{"line":202,"column":null}},"31":{"start":{"line":190,"column":2},"end":{"line":201,"column":null}},"32":{"start":{"line":191,"column":4},"end":{"line":193,"column":null}},"33":{"start":{"line":195,"column":4},"end":{"line":195,"column":null}},"34":{"start":{"line":197,"column":4},"end":{"line":199,"column":null}},"35":{"start":{"line":198,"column":6},"end":{"line":198,"column":null}},"36":{"start":{"line":200,"column":4},"end":{"line":200,"column":null}}},"fnMap":{"0":{"name":"(anonymous_0)","decl":{"start":{"line":19,"column":16},"end":{"line":19,"column":23}},"loc":{"start":{"line":19,"column":55},"end":{"line":32,"column":1}},"line":19},"1":{"name":"(anonymous_1)","decl":{"start":{"line":53,"column":19},"end":{"line":53,"column":26}},"loc":{"start":{"line":53,"column":58},"end":{"line":68,"column":1}},"line":53},"2":{"name":"(anonymous_2)","decl":{"start":{"line":98,"column":51},"end":{"line":98,"column":58}},"loc":{"start":{"line":98,"column":90},"end":{"line":117,"column":1}},"line":98},"3":{"name":"(anonymous_3)","decl":{"start":{"line":151,"column":53},"end":{"line":151,"column":60}},"loc":{"start":{"line":151,"column":92},"end":{"line":167,"column":1}},"line":151},"4":{"name":"(anonymous_4)","decl":{"start":{"line":189,"column":56},"end":{"line":189,"column":63}},"loc":{"start":{"line":189,"column":95},"end":{"line":202,"column":1}},"line":189}},"branchMap":{"0":{"loc":{"start":{"line":60,"column":4},"end":{"line":62,"column":null}},"type":"if","locations":[{"start":{"line":60,"column":4},"end":{"line":62,"column":null}},{"start":{},"end":{}}],"line":60},"1":{"loc":{"start":{"line":105,"column":4},"end":{"line":107,"column":null}},"type":"if","locations":[{"start":{"line":105,"column":4},"end":{"line":107,"column":null}},{"start":{},"end":{}}],"line":105},"2":{"loc":{"start":{"line":115,"column":34},"end":{"line":115,"column":77}},"type":"binary-expr","locations":[{"start":{"line":115,"column":34},"end":{"line":115,"column":50}},{"start":{"line":115,"column":50},"end":{"line":115,"column":77}}],"line":115},"3":{"loc":{"start":{"line":162,"column":4},"end":{"line":164,"column":null}},"type":"if","locations":[{"start":{"line":162,"column":4},"end":{"line":164,"column":null}},{"start":{},"end":{}}],"line":162},"4":{"loc":{"start":{"line":165,"column":34},"end":{"line":165,"column":81}},"type":"binary-expr","locations":[{"start":{"line":165,"column":34},"end":{"line":165,"column":50}},{"start":{"line":165,"column":50},"end":{"line":165,"column":81}}],"line":165},"5":{"loc":{"start":{"line":197,"column":4},"end":{"line":199,"column":null}},"type":"if","locations":[{"start":{"line":197,"column":4},"end":{"line":199,"column":null}},{"start":{},"end":{}}],"line":197}},"s":{"0":5,"1":5,"2":2,"3":2,"4":2,"5":0,"6":5,"7":1,"8":1,"9":1,"10":0,"11":1,"12":0,"13":5,"14":1,"15":1,"16":1,"17":1,"18":0,"19":1,"20":1,"21":0,"22":5,"23":0,"24":0,"25":0,"26":0,"27":0,"28":0,"29":0,"30":5,"31":1,"32":1,"33":1,"34":0,"35":0,"36":0},"f":{"0":2,"1":1,"2":1,"3":0,"4":1},"b":{"0":[0,1],"1":[0,1],"2":[0,0],"3":[0,0],"4":[0,0],"5":[0,0]},"meta":{"lastBranch":6,"lastFunction":5,"lastStatement":37,"seen":{"s:7:6:7:Infinity":0,"s:19:0:32:Infinity":1,"f:19:16:19:23":0,"s:20:2:31:Infinity":2,"s:21:23:27:Infinity":3,"s:28:4:28:Infinity":4,"s:30:4:30:Infinity":5,"s:53:0:68:Infinity":6,"f:53:19:53:26":1,"s:54:2:67:Infinity":7,"s:55:21:58:Infinity":8,"b:60:4:62:Infinity:undefined:undefined:undefined:undefined":0,"s:60:4:62:Infinity":9,"s:61:6:61:Infinity":10,"s:64:4:64:Infinity":11,"s:66:4:66:Infinity":12,"s:98:0:117:Infinity":13,"f:98:51:98:58":2,"s:99:2:116:Infinity":14,"s:100:21:100:Infinity":15,"s:101:29:103:Infinity":16,"b:105:4:107:Infinity:undefined:undefined:undefined:undefined":1,"s:105:4:107:Infinity":17,"s:106:6:106:Infinity":18,"s:109:21:111:Infinity":19,"s:113:4:113:Infinity":20,"s:115:4:115:Infinity":21,"b:115:34:115:50:115:50:115:77":2,"s:151:0:167:Infinity":22,"f:151:53:151:60":3,"s:152:2:166:Infinity":23,"s:153:21:153:Infinity":24,"s:155:21:158:Infinity":25,"s:160:4:160:Infinity":26,"b:162:4:164:Infinity:undefined:undefined:undefined:undefined":3,"s:162:4:164:Infinity":27,"s:163:6:163:Infinity":28,"s:165:4:165:Infinity":29,"b:165:34:165:50:165:50:165:81":4,"s:189:0:202:Infinity":30,"f:189:56:189:63":4,"s:190:2:201:Infinity":31,"s:191:4:193:Infinity":32,"s:195:4:195:Infinity":33,"b:197:4:199:Infinity:undefined:undefined:undefined:undefined":5,"s:197:4:199:Infinity":34,"s:198:6:198:Infinity":35,"s:200:4:200:Infinity":36}}}
,"C:\\Users\\Gabriel\\Desktop\\Web II C2 Blog de Noticias\\api-prisma-express\\src\\routes\\comments.ts": {"path":"C:\\Users\\Gabriel\\Desktop\\Web II C2 Blog de Noticias\\api-prisma-express\\src\\routes\\comments.ts","statementMap":{"0":{"start":{"line":6,"column":6},"end":{"line":6,"column":null}},"1":{"start":{"line":42,"column":0},"end":{"line":77,"column":null}},"2":{"start":{"line":43,"column":2},"end":{"line":76,"column":null}},"3":{"start":{"line":44,"column":17},"end":{"line":44,"column":null}},"4":{"start":{"line":46,"column":17},"end":{"line":51,"column":null}},"5":{"start":{"line":53,"column":4},"end":{"line":55,"column":null}},"6":{"start":{"line":54,"column":6},"end":{"line":54,"column":null}},"7":{"start":{"line":57,"column":20},"end":{"line":68,"column":null}},"8":{"start":{"line":70,"column":4},"end":{"line":70,"column":null}},"9":{"start":{"line":72,"column":4},"end":{"line":72,"column":null}},"10":{"start":{"line":73,"column":4},"end":{"line":75,"column":null}},"11":{"start":{"line":100,"column":0},"end":{"line":123,"column":null}},"12":{"start":{"line":101,"column":2},"end":{"line":122,"column":null}},"13":{"start":{"line":102,"column":19},"end":{"line":102,"column":null}},"14":{"start":{"line":104,"column":4},"end":{"line":106,"column":null}},"15":{"start":{"line":105,"column":6},"end":{"line":105,"column":null}},"16":{"start":{"line":108,"column":21},"end":{"line":116,"column":null}},"17":{"start":{"line":118,"column":4},"end":{"line":118,"column":null}},"18":{"start":{"line":120,"column":4},"end":{"line":120,"column":null}},"19":{"start":{"line":121,"column":4},"end":{"line":121,"column":null}},"20":{"start":{"line":162,"column":0},"end":{"line":198,"column":null}},"21":{"start":{"line":163,"column":2},"end":{"line":197,"column":null}},"22":{"start":{"line":164,"column":22},"end":{"line":164,"column":null}},"23":{"start":{"line":166,"column":4},"end":{"line":168,"column":null}},"24":{"start":{"line":167,"column":6},"end":{"line":167,"column":null}},"25":{"start":{"line":170,"column":17},"end":{"line":170,"column":null}},"26":{"start":{"line":172,"column":20},"end":{"line":174,"column":null}},"27":{"start":{"line":176,"column":4},"end":{"line":178,"column":null}},"28":{"start":{"line":177,"column":6},"end":{"line":177,"column":null}},"29":{"start":{"line":180,"column":4},"end":{"line":184,"column":null}},"30":{"start":{"line":181,"column":6},"end":{"line":183,"column":null}},"31":{"start":{"line":186,"column":27},"end":{"line":189,"column":null}},"32":{"start":{"line":191,"column":4},"end":{"line":191,"column":null}},"33":{"start":{"line":193,"column":4},"end":{"line":193,"column":null}},"34":{"start":{"line":194,"column":4},"end":{"line":196,"column":null}},"35":{"start":{"line":225,"column":0},"end":{"line":256,"column":null}},"36":{"start":{"line":226,"column":2},"end":{"line":255,"column":null}},"37":{"start":{"line":227,"column":22},"end":{"line":227,"column":null}},"38":{"start":{"line":229,"column":4},"end":{"line":231,"column":null}},"39":{"start":{"line":230,"column":6},"end":{"line":230,"column":null}},"40":{"start":{"line":233,"column":20},"end":{"line":235,"column":null}},"41":{"start":{"line":237,"column":4},"end":{"line":239,"column":null}},"42":{"start":{"line":238,"column":6},"end":{"line":238,"column":null}},"43":{"start":{"line":241,"column":4},"end":{"line":245,"column":null}},"44":{"start":{"line":242,"column":6},"end":{"line":244,"column":null}},"45":{"start":{"line":247,"column":4},"end":{"line":249,"column":null}},"46":{"start":{"line":251,"column":4},"end":{"line":251,"column":null}},"47":{"start":{"line":253,"column":4},"end":{"line":253,"column":null}},"48":{"start":{"line":254,"column":4},"end":{"line":254,"column":null}}},"fnMap":{"0":{"name":"(anonymous_0)","decl":{"start":{"line":42,"column":31},"end":{"line":42,"column":38}},"loc":{"start":{"line":42,"column":70},"end":{"line":77,"column":1}},"line":42},"1":{"name":"(anonymous_1)","decl":{"start":{"line":100,"column":28},"end":{"line":100,"column":35}},"loc":{"start":{"line":100,"column":67},"end":{"line":123,"column":1}},"line":100},"2":{"name":"(anonymous_2)","decl":{"start":{"line":162,"column":33},"end":{"line":162,"column":40}},"loc":{"start":{"line":162,"column":72},"end":{"line":198,"column":1}},"line":162},"3":{"name":"(anonymous_3)","decl":{"start":{"line":225,"column":36},"end":{"line":225,"column":43}},"loc":{"start":{"line":225,"column":75},"end":{"line":256,"column":1}},"line":225}},"branchMap":{"0":{"loc":{"start":{"line":53,"column":4},"end":{"line":55,"column":null}},"type":"if","locations":[{"start":{"line":53,"column":4},"end":{"line":55,"column":null}},{"start":{},"end":{}}],"line":53},"1":{"loc":{"start":{"line":74,"column":13},"end":{"line":74,"column":null}},"type":"binary-expr","locations":[{"start":{"line":74,"column":13},"end":{"line":74,"column":30}},{"start":{"line":74,"column":30},"end":{"line":74,"column":47}},{"start":{"line":74,"column":47},"end":{"line":74,"column":null}}],"line":74},"2":{"loc":{"start":{"line":104,"column":4},"end":{"line":106,"column":null}},"type":"if","locations":[{"start":{"line":104,"column":4},"end":{"line":106,"column":null}},{"start":{},"end":{}}],"line":104},"3":{"loc":{"start":{"line":104,"column":8},"end":{"line":104,"column":50}},"type":"binary-expr","locations":[{"start":{"line":104,"column":8},"end":{"line":104,"column":37}},{"start":{"line":104,"column":37},"end":{"line":104,"column":50}}],"line":104},"4":{"loc":{"start":{"line":166,"column":4},"end":{"line":168,"column":null}},"type":"if","locations":[{"start":{"line":166,"column":4},"end":{"line":168,"column":null}},{"start":{},"end":{}}],"line":166},"5":{"loc":{"start":{"line":166,"column":8},"end":{"line":166,"column":56}},"type":"binary-expr","locations":[{"start":{"line":166,"column":8},"end":{"line":166,"column":40}},{"start":{"line":166,"column":40},"end":{"line":166,"column":56}}],"line":166},"6":{"loc":{"start":{"line":176,"column":4},"end":{"line":178,"column":null}},"type":"if","locations":[{"start":{"line":176,"column":4},"end":{"line":178,"column":null}},{"start":{},"end":{}}],"line":176},"7":{"loc":{"start":{"line":180,"column":4},"end":{"line":184,"column":null}},"type":"if","locations":[{"start":{"line":180,"column":4},"end":{"line":184,"column":null}},{"start":{},"end":{}}],"line":180},"8":{"loc":{"start":{"line":195,"column":13},"end":{"line":195,"column":null}},"type":"binary-expr","locations":[{"start":{"line":195,"column":13},"end":{"line":195,"column":30}},{"start":{"line":195,"column":30},"end":{"line":195,"column":47}},{"start":{"line":195,"column":47},"end":{"line":195,"column":null}}],"line":195},"9":{"loc":{"start":{"line":229,"column":4},"end":{"line":231,"column":null}},"type":"if","locations":[{"start":{"line":229,"column":4},"end":{"line":231,"column":null}},{"start":{},"end":{}}],"line":229},"10":{"loc":{"start":{"line":229,"column":8},"end":{"line":229,"column":56}},"type":"binary-expr","locations":[{"start":{"line":229,"column":8},"end":{"line":229,"column":40}},{"start":{"line":229,"column":40},"end":{"line":229,"column":56}}],"line":229},"11":{"loc":{"start":{"line":237,"column":4},"end":{"line":239,"column":null}},"type":"if","locations":[{"start":{"line":237,"column":4},"end":{"line":239,"column":null}},{"start":{},"end":{}}],"line":237},"12":{"loc":{"start":{"line":241,"column":4},"end":{"line":245,"column":null}},"type":"if","locations":[{"start":{"line":241,"column":4},"end":{"line":245,"column":null}},{"start":{},"end":{}}],"line":241},"13":{"loc":{"start":{"line":241,"column":8},"end":{"line":241,"column":73}},"type":"binary-expr","locations":[{"start":{"line":241,"column":8},"end":{"line":241,"column":45}},{"start":{"line":241,"column":45},"end":{"line":241,"column":73}}],"line":241}},"s":{"0":5,"1":5,"2":1,"3":1,"4":1,"5":1,"6":0,"7":1,"8":1,"9":0,"10":0,"11":5,"12":1,"13":1,"14":1,"15":0,"16":1,"17":1,"18":0,"19":0,"20":5,"21":2,"22":2,"23":2,"24":0,"25":2,"26":2,"27":2,"28":0,"29":2,"30":1,"31":1,"32":1,"33":0,"34":0,"35":5,"36":1,"37":1,"38":1,"39":0,"40":1,"41":1,"42":0,"43":1,"44":0,"45":1,"46":1,"47":0,"48":0},"f":{"0":1,"1":1,"2":2,"3":1},"b":{"0":[0,1],"1":[0,0,0],"2":[0,1],"3":[1,1],"4":[0,2],"5":[2,2],"6":[0,2],"7":[1,1],"8":[0,0,0],"9":[0,1],"10":[1,1],"11":[0,1],"12":[0,1],"13":[1,0]},"meta":{"lastBranch":14,"lastFunction":4,"lastStatement":49,"seen":{"s:6:6:6:Infinity":0,"s:42:0:77:Infinity":1,"f:42:31:42:38":0,"s:43:2:76:Infinity":2,"s:44:17:44:Infinity":3,"s:46:17:51:Infinity":4,"b:53:4:55:Infinity:undefined:undefined:undefined:undefined":0,"s:53:4:55:Infinity":5,"s:54:6:54:Infinity":6,"s:57:20:68:Infinity":7,"s:70:4:70:Infinity":8,"s:72:4:72:Infinity":9,"s:73:4:75:Infinity":10,"b:74:13:74:30:74:30:74:47:74:47:74:Infinity":1,"s:100:0:123:Infinity":11,"f:100:28:100:35":1,"s:101:2:122:Infinity":12,"s:102:19:102:Infinity":13,"b:104:4:106:Infinity:undefined:undefined:undefined:undefined":2,"s:104:4:106:Infinity":14,"b:104:8:104:37:104:37:104:50":3,"s:105:6:105:Infinity":15,"s:108:21:116:Infinity":16,"s:118:4:118:Infinity":17,"s:120:4:120:Infinity":18,"s:121:4:121:Infinity":19,"s:162:0:198:Infinity":20,"f:162:33:162:40":2,"s:163:2:197:Infinity":21,"s:164:22:164:Infinity":22,"b:166:4:168:Infinity:undefined:undefined:undefined:undefined":4,"s:166:4:168:Infinity":23,"b:166:8:166:40:166:40:166:56":5,"s:167:6:167:Infinity":24,"s:170:17:170:Infinity":25,"s:172:20:174:Infinity":26,"b:176:4:178:Infinity:undefined:undefined:undefined:undefined":6,"s:176:4:178:Infinity":27,"s:177:6:177:Infinity":28,"b:180:4:184:Infinity:undefined:undefined:undefined:undefined":7,"s:180:4:184:Infinity":29,"s:181:6:183:Infinity":30,"s:186:27:189:Infinity":31,"s:191:4:191:Infinity":32,"s:193:4:193:Infinity":33,"s:194:4:196:Infinity":34,"b:195:13:195:30:195:30:195:47:195:47:195:Infinity":8,"s:225:0:256:Infinity":35,"f:225:36:225:43":3,"s:226:2:255:Infinity":36,"s:227:22:227:Infinity":37,"b:229:4:231:Infinity:undefined:undefined:undefined:undefined":9,"s:229:4:231:Infinity":38,"b:229:8:229:40:229:40:229:56":10,"s:230:6:230:Infinity":39,"s:233:20:235:Infinity":40,"b:237:4:239:Infinity:undefined:undefined:undefined:undefined":11,"s:237:4:239:Infinity":41,"s:238:6:238:Infinity":42,"b:241:4:245:Infinity:undefined:undefined:undefined:undefined":12,"s:241:4:245:Infinity":43,"b:241:8:241:45:241:45:241:73":13,"s:242:6:244:Infinity":44,"s:247:4:249:Infinity":45,"s:251:4:251:Infinity":46,"s:253:4:253:Infinity":47,"s:254:4:254:Infinity":48}}}
,"C:\\Users\\Gabriel\\Desktop\\Web II C2 Blog de Noticias\\api-prisma-express\\src\\routes\\posts.ts": {"path":"C:\\Users\\Gabriel\\Desktop\\Web II C2 Blog de Noticias\\api-prisma-express\\src\\routes\\posts.ts","statementMap":{"0":{"start":{"line":6,"column":6},"end":{"line":6,"column":null}},"1":{"start":{"line":44,"column":0},"end":{"line":64,"column":null}},"2":{"start":{"line":45,"column":2},"end":{"line":63,"column":null}},"3":{"start":{"line":46,"column":17},"end":{"line":46,"column":null}},"4":{"start":{"line":48,"column":17},"end":{"line":55,"column":null}},"5":{"start":{"line":57,"column":4},"end":{"line":57,"column":null}},"6":{"start":{"line":59,"column":4},"end":{"line":59,"column":null}},"7":{"start":{"line":60,"column":4},"end":{"line":62,"column":null}},"8":{"start":{"line":92,"column":0},"end":{"line":141,"column":null}},"9":{"start":{"line":93,"column":2},"end":{"line":140,"column":null}},"10":{"start":{"line":94,"column":17},"end":{"line":94,"column":null}},"11":{"start":{"line":95,"column":18},"end":{"line":95,"column":null}},"12":{"start":{"line":96,"column":19},"end":{"line":96,"column":null}},"13":{"start":{"line":98,"column":10},"end":{"line":98,"column":null}},"14":{"start":{"line":100,"column":29},"end":{"line":102,"column":null}},"15":{"start":{"line":104,"column":4},"end":{"line":108,"column":null}},"16":{"start":{"line":105,"column":6},"end":{"line":107,"column":null}},"17":{"start":{"line":110,"column":32},"end":{"line":126,"column":null}},"18":{"start":{"line":128,"column":4},"end":{"line":136,"column":null}},"19":{"start":{"line":138,"column":4},"end":{"line":138,"column":null}},"20":{"start":{"line":139,"column":4},"end":{"line":139,"column":null}},"21":{"start":{"line":164,"column":0},"end":{"line":195,"column":null}},"22":{"start":{"line":165,"column":2},"end":{"line":194,"column":null}},"23":{"start":{"line":166,"column":19},"end":{"line":166,"column":null}},"24":{"start":{"line":168,"column":4},"end":{"line":170,"column":null}},"25":{"start":{"line":169,"column":6},"end":{"line":169,"column":null}},"26":{"start":{"line":172,"column":17},"end":{"line":184,"column":null}},"27":{"start":{"line":186,"column":4},"end":{"line":188,"column":null}},"28":{"start":{"line":187,"column":6},"end":{"line":187,"column":null}},"29":{"start":{"line":190,"column":4},"end":{"line":190,"column":null}},"30":{"start":{"line":192,"column":4},"end":{"line":192,"column":null}},"31":{"start":{"line":193,"column":4},"end":{"line":193,"column":null}},"32":{"start":{"line":241,"column":0},"end":{"line":277,"column":null}},"33":{"start":{"line":242,"column":2},"end":{"line":276,"column":null}},"34":{"start":{"line":243,"column":19},"end":{"line":243,"column":null}},"35":{"start":{"line":245,"column":4},"end":{"line":247,"column":null}},"36":{"start":{"line":246,"column":6},"end":{"line":246,"column":null}},"37":{"start":{"line":249,"column":17},"end":{"line":249,"column":null}},"38":{"start":{"line":251,"column":17},"end":{"line":253,"column":null}},"39":{"start":{"line":255,"column":4},"end":{"line":257,"column":null}},"40":{"start":{"line":256,"column":6},"end":{"line":256,"column":null}},"41":{"start":{"line":259,"column":4},"end":{"line":263,"column":null}},"42":{"start":{"line":260,"column":6},"end":{"line":262,"column":null}},"43":{"start":{"line":265,"column":24},"end":{"line":268,"column":null}},"44":{"start":{"line":270,"column":4},"end":{"line":270,"column":null}},"45":{"start":{"line":272,"column":4},"end":{"line":272,"column":null}},"46":{"start":{"line":273,"column":4},"end":{"line":275,"column":null}},"47":{"start":{"line":304,"column":0},"end":{"line":336,"column":null}},"48":{"start":{"line":305,"column":2},"end":{"line":335,"column":null}},"49":{"start":{"line":306,"column":19},"end":{"line":306,"column":null}},"50":{"start":{"line":308,"column":4},"end":{"line":310,"column":null}},"51":{"start":{"line":309,"column":6},"end":{"line":309,"column":null}},"52":{"start":{"line":312,"column":17},"end":{"line":314,"column":null}},"53":{"start":{"line":316,"column":4},"end":{"line":318,"column":null}},"54":{"start":{"line":317,"column":6},"end":{"line":317,"column":null}},"55":{"start":{"line":320,"column":4},"end":{"line":324,"column":null}},"56":{"start":{"line":321,"column":6},"end":{"line":323,"column":null}},"57":{"start":{"line":326,"column":4},"end":{"line":329,"column":null}},"58":{"start":{"line":331,"column":4},"end":{"line":331,"column":null}},"59":{"start":{"line":333,"column":4},"end":{"line":333,"column":null}},"60":{"start":{"line":334,"column":4},"end":{"line":334,"column":null}}},"fnMap":{"0":{"name":"(anonymous_0)","decl":{"start":{"line":44,"column":31},"end":{"line":44,"column":38}},"loc":{"start":{"line":44,"column":70},"end":{"line":64,"column":1}},"line":44},"1":{"name":"(anonymous_1)","decl":{"start":{"line":92,"column":16},"end":{"line":92,"column":23}},"loc":{"start":{"line":92,"column":55},"end":{"line":141,"column":1}},"line":92},"2":{"name":"(anonymous_2)","decl":{"start":{"line":164,"column":19},"end":{"line":164,"column":26}},"loc":{"start":{"line":164,"column":58},"end":{"line":195,"column":1}},"line":164},"3":{"name":"(anonymous_3)","decl":{"start":{"line":241,"column":33},"end":{"line":241,"column":40}},"loc":{"start":{"line":241,"column":72},"end":{"line":277,"column":1}},"line":241},"4":{"name":"(anonymous_4)","decl":{"start":{"line":304,"column":36},"end":{"line":304,"column":43}},"loc":{"start":{"line":304,"column":75},"end":{"line":336,"column":1}},"line":304}},"branchMap":{"0":{"loc":{"start":{"line":61,"column":13},"end":{"line":61,"column":null}},"type":"binary-expr","locations":[{"start":{"line":61,"column":13},"end":{"line":61,"column":30}},{"start":{"line":61,"column":30},"end":{"line":61,"column":47}},{"start":{"line":61,"column":47},"end":{"line":61,"column":null}}],"line":61},"1":{"loc":{"start":{"line":94,"column":17},"end":{"line":94,"column":null}},"type":"binary-expr","locations":[{"start":{"line":94,"column":17},"end":{"line":94,"column":43}},{"start":{"line":94,"column":43},"end":{"line":94,"column":null}}],"line":94},"2":{"loc":{"start":{"line":95,"column":18},"end":{"line":95,"column":null}},"type":"binary-expr","locations":[{"start":{"line":95,"column":18},"end":{"line":95,"column":45}},{"start":{"line":95,"column":45},"end":{"line":95,"column":null}}],"line":95},"3":{"loc":{"start":{"line":96,"column":19},"end":{"line":96,"column":null}},"type":"cond-expr","locations":[{"start":{"line":96,"column":38},"end":{"line":96,"column":65}},{"start":{"line":96,"column":65},"end":{"line":96,"column":null}}],"line":96},"4":{"loc":{"start":{"line":104,"column":4},"end":{"line":108,"column":null}},"type":"if","locations":[{"start":{"line":104,"column":4},"end":{"line":108,"column":null}},{"start":{},"end":{}}],"line":104},"5":{"loc":{"start":{"line":168,"column":4},"end":{"line":170,"column":null}},"type":"if","locations":[{"start":{"line":168,"column":4},"end":{"line":170,"column":null}},{"start":{},"end":{}}],"line":168},"6":{"loc":{"start":{"line":168,"column":8},"end":{"line":168,"column":50}},"type":"binary-expr","locations":[{"start":{"line":168,"column":8},"end":{"line":168,"column":37}},{"start":{"line":168,"column":37},"end":{"line":168,"column":50}}],"line":168},"7":{"loc":{"start":{"line":186,"column":4},"end":{"line":188,"column":null}},"type":"if","locations":[{"start":{"line":186,"column":4},"end":{"line":188,"column":null}},{"start":{},"end":{}}],"line":186},"8":{"loc":{"start":{"line":245,"column":4},"end":{"line":247,"column":null}},"type":"if","locations":[{"start":{"line":245,"column":4},"end":{"line":247,"column":null}},{"start":{},"end":{}}],"line":245},"9":{"loc":{"start":{"line":245,"column":8},"end":{"line":245,"column":50}},"type":"binary-expr","locations":[{"start":{"line":245,"column":8},"end":{"line":245,"column":37}},{"start":{"line":245,"column":37},"end":{"line":245,"column":50}}],"line":245},"10":{"loc":{"start":{"line":255,"column":4},"end":{"line":257,"column":null}},"type":"if","locations":[{"start":{"line":255,"column":4},"end":{"line":257,"column":null}},{"start":{},"end":{}}],"line":255},"11":{"loc":{"start":{"line":255,"column":8},"end":{"line":255,"column":42}},"type":"binary-expr","locations":[{"start":{"line":255,"column":8},"end":{"line":255,"column":17}},{"start":{"line":255,"column":17},"end":{"line":255,"column":42}}],"line":255},"12":{"loc":{"start":{"line":259,"column":4},"end":{"line":263,"column":null}},"type":"if","locations":[{"start":{"line":259,"column":4},"end":{"line":263,"column":null}},{"start":{},"end":{}}],"line":259},"13":{"loc":{"start":{"line":259,"column":8},"end":{"line":259,"column":70}},"type":"binary-expr","locations":[{"start":{"line":259,"column":8},"end":{"line":259,"column":42}},{"start":{"line":259,"column":42},"end":{"line":259,"column":70}}],"line":259},"14":{"loc":{"start":{"line":274,"column":13},"end":{"line":274,"column":null}},"type":"binary-expr","locations":[{"start":{"line":274,"column":13},"end":{"line":274,"column":30}},{"start":{"line":274,"column":30},"end":{"line":274,"column":47}},{"start":{"line":274,"column":47},"end":{"line":274,"column":null}}],"line":274},"15":{"loc":{"start":{"line":308,"column":4},"end":{"line":310,"column":null}},"type":"if","locations":[{"start":{"line":308,"column":4},"end":{"line":310,"column":null}},{"start":{},"end":{}}],"line":308},"16":{"loc":{"start":{"line":308,"column":8},"end":{"line":308,"column":50}},"type":"binary-expr","locations":[{"start":{"line":308,"column":8},"end":{"line":308,"column":37}},{"start":{"line":308,"column":37},"end":{"line":308,"column":50}}],"line":308},"17":{"loc":{"start":{"line":316,"column":4},"end":{"line":318,"column":null}},"type":"if","locations":[{"start":{"line":316,"column":4},"end":{"line":318,"column":null}},{"start":{},"end":{}}],"line":316},"18":{"loc":{"start":{"line":316,"column":8},"end":{"line":316,"column":42}},"type":"binary-expr","locations":[{"start":{"line":316,"column":8},"end":{"line":316,"column":17}},{"start":{"line":316,"column":17},"end":{"line":316,"column":42}}],"line":316},"19":{"loc":{"start":{"line":320,"column":4},"end":{"line":324,"column":null}},"type":"if","locations":[{"start":{"line":320,"column":4},"end":{"line":324,"column":null}},{"start":{},"end":{}}],"line":320},"20":{"loc":{"start":{"line":320,"column":8},"end":{"line":320,"column":70}},"type":"binary-expr","locations":[{"start":{"line":320,"column":8},"end":{"line":320,"column":42}},{"start":{"line":320,"column":42},"end":{"line":320,"column":70}}],"line":320}},"s":{"0":5,"1":5,"2":1,"3":1,"4":1,"5":1,"6":0,"7":0,"8":5,"9":1,"10":1,"11":1,"12":1,"13":1,"14":1,"15":1,"16":0,"17":1,"18":1,"19":0,"20":0,"21":5,"22":2,"23":2,"24":2,"25":0,"26":2,"27":2,"28":1,"29":1,"30":0,"31":0,"32":5,"33":1,"34":1,"35":1,"36":0,"37":1,"38":1,"39":1,"40":0,"41":1,"42":0,"43":1,"44":1,"45":0,"46":0,"47":5,"48":1,"49":1,"50":1,"51":0,"52":1,"53":1,"54":0,"55":1,"56":0,"57":1,"58":1,"59":0,"60":0},"f":{"0":1,"1":1,"2":2,"3":1,"4":1},"b":{"0":[0,0,0],"1":[1,1],"2":[1,1],"3":[0,1],"4":[0,1],"5":[0,2],"6":[2,2],"7":[1,1],"8":[0,1],"9":[1,1],"10":[0,1],"11":[1,1],"12":[0,1],"13":[1,0],"14":[0,0,0],"15":[0,1],"16":[1,1],"17":[0,1],"18":[1,1],"19":[0,1],"20":[1,0]},"meta":{"lastBranch":21,"lastFunction":5,"lastStatement":61,"seen":{"s:6:6:6:Infinity":0,"s:44:0:64:Infinity":1,"f:44:31:44:38":0,"s:45:2:63:Infinity":2,"s:46:17:46:Infinity":3,"s:48:17:55:Infinity":4,"s:57:4:57:Infinity":5,"s:59:4:59:Infinity":6,"s:60:4:62:Infinity":7,"b:61:13:61:30:61:30:61:47:61:47:61:Infinity":0,"s:92:0:141:Infinity":8,"f:92:16:92:23":1,"s:93:2:140:Infinity":9,"s:94:17:94:Infinity":10,"b:94:17:94:43:94:43:94:Infinity":1,"s:95:18:95:Infinity":11,"b:95:18:95:45:95:45:95:Infinity":2,"s:96:19:96:Infinity":12,"b:96:38:96:65:96:65:96:Infinity":3,"s:98:10:98:Infinity":13,"s:100:29:102:Infinity":14,"b:104:4:108:Infinity:undefined:undefined:undefined:undefined":4,"s:104:4:108:Infinity":15,"s:105:6:107:Infinity":16,"s:110:32:126:Infinity":17,"s:128:4:136:Infinity":18,"s:138:4:138:Infinity":19,"s:139:4:139:Infinity":20,"s:164:0:195:Infinity":21,"f:164:19:164:26":2,"s:165:2:194:Infinity":22,"s:166:19:166:Infinity":23,"b:168:4:170:Infinity:undefined:undefined:undefined:undefined":5,"s:168:4:170:Infinity":24,"b:168:8:168:37:168:37:168:50":6,"s:169:6:169:Infinity":25,"s:172:17:184:Infinity":26,"b:186:4:188:Infinity:undefined:undefined:undefined:undefined":7,"s:186:4:188:Infinity":27,"s:187:6:187:Infinity":28,"s:190:4:190:Infinity":29,"s:192:4:192:Infinity":30,"s:193:4:193:Infinity":31,"s:241:0:277:Infinity":32,"f:241:33:241:40":3,"s:242:2:276:Infinity":33,"s:243:19:243:Infinity":34,"b:245:4:247:Infinity:undefined:undefined:undefined:undefined":8,"s:245:4:247:Infinity":35,"b:245:8:245:37:245:37:245:50":9,"s:246:6:246:Infinity":36,"s:249:17:249:Infinity":37,"s:251:17:253:Infinity":38,"b:255:4:257:Infinity:undefined:undefined:undefined:undefined":10,"s:255:4:257:Infinity":39,"b:255:8:255:17:255:17:255:42":11,"s:256:6:256:Infinity":40,"b:259:4:263:Infinity:undefined:undefined:undefined:undefined":12,"s:259:4:263:Infinity":41,"b:259:8:259:42:259:42:259:70":13,"s:260:6:262:Infinity":42,"s:265:24:268:Infinity":43,"s:270:4:270:Infinity":44,"s:272:4:272:Infinity":45,"s:273:4:275:Infinity":46,"b:274:13:274:30:274:30:274:47:274:47:274:Infinity":14,"s:304:0:336:Infinity":47,"f:304:36:304:43":4,"s:305:2:335:Infinity":48,"s:306:19:306:Infinity":49,"b:308:4:310:Infinity:undefined:undefined:undefined:undefined":15,"s:308:4:310:Infinity":50,"b:308:8:308:37:308:37:308:50":16,"s:309:6:309:Infinity":51,"s:312:17:314:Infinity":52,"b:316:4:318:Infinity:undefined:undefined:undefined:undefined":17,"s:316:4:318:Infinity":53,"b:316:8:316:17:316:17:316:42":18,"s:317:6:317:Infinity":54,"b:320:4:324:Infinity:undefined:undefined:undefined:undefined":19,"s:320:4:324:Infinity":55,"b:320:8:320:42:320:42:320:70":20,"s:321:6:323:Infinity":56,"s:326:4:329:Infinity":57,"s:331:4:331:Infinity":58,"s:333:4:333:Infinity":59,"s:334:4:334:Infinity":60}}}
,"C:\\Users\\Gabriel\\Desktop\\Web II C2 Blog de Noticias\\api-prisma-express\\src\\routes\\users.ts": {"path":"C:\\Users\\Gabriel\\Desktop\\Web II C2 Blog de Noticias\\api-prisma-express\\src\\routes\\users.ts","statementMap":{"0":{"start":{"line":7,"column":6},"end":{"line":7,"column":null}},"1":{"start":{"line":9,"column":25},"end":{"line":12,"column":null}},"2":{"start":{"line":28,"column":0},"end":{"line":37,"column":null}},"3":{"start":{"line":29,"column":2},"end":{"line":36,"column":null}},"4":{"start":{"line":30,"column":18},"end":{"line":32,"column":null}},"5":{"start":{"line":33,"column":4},"end":{"line":33,"column":null}},"6":{"start":{"line":35,"column":4},"end":{"line":35,"column":null}},"7":{"start":{"line":59,"column":0},"end":{"line":74,"column":null}},"8":{"start":{"line":60,"column":2},"end":{"line":73,"column":null}},"9":{"start":{"line":61,"column":17},"end":{"line":64,"column":null}},"10":{"start":{"line":66,"column":4},"end":{"line":68,"column":null}},"11":{"start":{"line":67,"column":6},"end":{"line":67,"column":null}},"12":{"start":{"line":70,"column":4},"end":{"line":70,"column":null}},"13":{"start":{"line":72,"column":4},"end":{"line":72,"column":null}},"14":{"start":{"line":109,"column":0},"end":{"line":129,"column":null}},"15":{"start":{"line":110,"column":2},"end":{"line":128,"column":null}},"16":{"start":{"line":111,"column":21},"end":{"line":111,"column":null}},"17":{"start":{"line":113,"column":4},"end":{"line":115,"column":null}},"18":{"start":{"line":114,"column":6},"end":{"line":114,"column":null}},"19":{"start":{"line":117,"column":17},"end":{"line":117,"column":null}},"20":{"start":{"line":119,"column":17},"end":{"line":123,"column":null}},"21":{"start":{"line":125,"column":4},"end":{"line":125,"column":null}},"22":{"start":{"line":127,"column":4},"end":{"line":127,"column":null}},"23":{"start":{"line":151,"column":0},"end":{"line":166,"column":null}},"24":{"start":{"line":152,"column":2},"end":{"line":165,"column":null}},"25":{"start":{"line":153,"column":21},"end":{"line":153,"column":null}},"26":{"start":{"line":155,"column":17},"end":{"line":155,"column":null}},"27":{"start":{"line":156,"column":4},"end":{"line":158,"column":null}},"28":{"start":{"line":157,"column":6},"end":{"line":157,"column":null}},"29":{"start":{"line":160,"column":4},"end":{"line":160,"column":null}},"30":{"start":{"line":162,"column":4},"end":{"line":162,"column":null}},"31":{"start":{"line":164,"column":4},"end":{"line":164,"column":null}}},"fnMap":{"0":{"name":"(anonymous_0)","decl":{"start":{"line":28,"column":50},"end":{"line":28,"column":57}},"loc":{"start":{"line":28,"column":90},"end":{"line":37,"column":1}},"line":28},"1":{"name":"(anonymous_1)","decl":{"start":{"line":59,"column":53},"end":{"line":59,"column":60}},"loc":{"start":{"line":59,"column":92},"end":{"line":74,"column":1}},"line":59},"2":{"name":"(anonymous_2)","decl":{"start":{"line":109,"column":33},"end":{"line":109,"column":40}},"loc":{"start":{"line":109,"column":72},"end":{"line":129,"column":1}},"line":109},"3":{"name":"(anonymous_3)","decl":{"start":{"line":151,"column":56},"end":{"line":151,"column":63}},"loc":{"start":{"line":151,"column":95},"end":{"line":166,"column":1}},"line":151}},"branchMap":{"0":{"loc":{"start":{"line":66,"column":4},"end":{"line":68,"column":null}},"type":"if","locations":[{"start":{"line":66,"column":4},"end":{"line":68,"column":null}},{"start":{},"end":{}}],"line":66},"1":{"loc":{"start":{"line":113,"column":4},"end":{"line":115,"column":null}},"type":"if","locations":[{"start":{"line":113,"column":4},"end":{"line":115,"column":null}},{"start":{},"end":{}}],"line":113},"2":{"loc":{"start":{"line":113,"column":8},"end":{"line":113,"column":65}},"type":"binary-expr","locations":[{"start":{"line":113,"column":8},"end":{"line":113,"column":37}},{"start":{"line":113,"column":37},"end":{"line":113,"column":65}}],"line":113},"3":{"loc":{"start":{"line":127,"column":34},"end":{"line":127,"column":80}},"type":"binary-expr","locations":[{"start":{"line":127,"column":34},"end":{"line":127,"column":51}},{"start":{"line":127,"column":51},"end":{"line":127,"column":80}}],"line":127},"4":{"loc":{"start":{"line":156,"column":4},"end":{"line":158,"column":null}},"type":"if","locations":[{"start":{"line":156,"column":4},"end":{"line":158,"column":null}},{"start":{},"end":{}}],"line":156}},"s":{"0":5,"1":5,"2":5,"3":1,"4":1,"5":1,"6":0,"7":5,"8":2,"9":2,"10":2,"11":1,"12":1,"13":0,"14":5,"15":2,"16":2,"17":2,"18":1,"19":1,"20":1,"21":1,"22":0,"23":5,"24":1,"25":1,"26":1,"27":1,"28":0,"29":1,"30":1,"31":0},"f":{"0":1,"1":2,"2":2,"3":1},"b":{"0":[1,1],"1":[1,1],"2":[2,1],"3":[0,0],"4":[0,1]},"meta":{"lastBranch":5,"lastFunction":4,"lastStatement":32,"seen":{"s:7:6:7:Infinity":0,"s:9:25:12:Infinity":1,"s:28:0:37:Infinity":2,"f:28:50:28:57":0,"s:29:2:36:Infinity":3,"s:30:18:32:Infinity":4,"s:33:4:33:Infinity":5,"s:35:4:35:Infinity":6,"s:59:0:74:Infinity":7,"f:59:53:59:60":1,"s:60:2:73:Infinity":8,"s:61:17:64:Infinity":9,"b:66:4:68:Infinity:undefined:undefined:undefined:undefined":0,"s:66:4:68:Infinity":10,"s:67:6:67:Infinity":11,"s:70:4:70:Infinity":12,"s:72:4:72:Infinity":13,"s:109:0:129:Infinity":14,"f:109:33:109:40":2,"s:110:2:128:Infinity":15,"s:111:21:111:Infinity":16,"b:113:4:115:Infinity:undefined:undefined:undefined:undefined":1,"s:113:4:115:Infinity":17,"b:113:8:113:37:113:37:113:65":2,"s:114:6:114:Infinity":18,"s:117:17:117:Infinity":19,"s:119:17:123:Infinity":20,"s:125:4:125:Infinity":21,"s:127:4:127:Infinity":22,"b:127:34:127:51:127:51:127:80":3,"s:151:0:166:Infinity":23,"f:151:56:151:63":3,"s:152:2:165:Infinity":24,"s:153:21:153:Infinity":25,"s:155:17:155:Infinity":26,"b:156:4:158:Infinity:undefined:undefined:undefined:undefined":4,"s:156:4:158:Infinity":27,"s:157:6:157:Infinity":28,"s:160:4:160:Infinity":29,"s:162:4:162:Infinity":30,"s:164:4:164:Infinity":31}}}
,"C:\\Users\\Gabriel\\Desktop\\Web II C2 Blog de Noticias\\api-prisma-express\\src\\schemas\\authSchema.ts": {"path":"C:\\Users\\Gabriel\\Desktop\\Web II C2 Blog de Noticias\\api-prisma-express\\src\\schemas\\authSchema.ts","statementMap":{"0":{"start":{"line":3,"column":30},"end":{"line":10,"column":null}},"1":{"start":{"line":12,"column":27},"end":{"line":18,"column":null}},"2":{"start":{"line":20,"column":29},"end":{"line":24,"column":null}}},"fnMap":{},"branchMap":{},"s":{"0":6,"1":6,"2":6},"f":{},"b":{},"meta":{"lastBranch":0,"lastFunction":0,"lastStatement":3,"seen":{"s:3:30:10:Infinity":0,"s:12:27:18:Infinity":1,"s:20:29:24:Infinity":2}}}
,"C:\\Users\\Gabriel\\Desktop\\Web II C2 Blog de Noticias\\api-prisma-express\\src\\schemas\\categorySchema.ts": {"path":"C:\\Users\\Gabriel\\Desktop\\Web II C2 Blog de Noticias\\api-prisma-express\\src\\schemas\\categorySchema.ts","statementMap":{"0":{"start":{"line":3,"column":30},"end":{"line":7,"column":null}}},"fnMap":{},"branchMap":{},"s":{"0":6},"f":{},"b":{},"meta":{"lastBranch":0,"lastFunction":0,"lastStatement":1,"seen":{"s:3:30:7:Infinity":0}}}
,"C:\\Users\\Gabriel\\Desktop\\Web II C2 Blog de Noticias\\api-prisma-express\\src\\schemas\\commentSchema.ts": {"path":"C:\\Users\\Gabriel\\Desktop\\Web II C2 Blog de Noticias\\api-prisma-express\\src\\schemas\\commentSchema.ts","statementMap":{"0":{"start":{"line":3,"column":35},"end":{"line":6,"column":null}},"1":{"start":{"line":8,"column":35},"end":{"line":10,"column":null}}},"fnMap":{},"branchMap":{},"s":{"0":6,"1":6},"f":{},"b":{},"meta":{"lastBranch":0,"lastFunction":0,"lastStatement":2,"seen":{"s:3:35:6:Infinity":0,"s:8:35:10:Infinity":1}}}
,"C:\\Users\\Gabriel\\Desktop\\Web II C2 Blog de Noticias\\api-prisma-express\\src\\schemas\\postSchema.ts": {"path":"C:\\Users\\Gabriel\\Desktop\\Web II C2 Blog de Noticias\\api-prisma-express\\src\\schemas\\postSchema.ts","statementMap":{"0":{"start":{"line":3,"column":32},"end":{"line":9,"column":null}},"1":{"start":{"line":11,"column":32},"end":{"line":16,"column":null}}},"fnMap":{},"branchMap":{},"s":{"0":6,"1":6},"f":{},"b":{},"meta":{"lastBranch":0,"lastFunction":0,"lastStatement":2,"seen":{"s:3:32:9:Infinity":0,"s:11:32:16:Infinity":1}}}
}
